<?xml version="1.0" encoding="UTF-8"?>
<!-- Generated by org.testng.reporters.JUnitReportReporter -->
<testsuite skipped="0" hostname="Mehedis-MacBook-Pro.local" name="com.guru99.TestRun.Customer" tests="1" failures="0" timestamp="01 Jul 2018 17:10:06 GMT" time="15.824" errors="0">
  <testcase name="Delete_Customer" time="15.824" classname="com.guru99.TestRun.Customer"/>
</testsuite> <!-- com.guru99.TestRun.Customer -->
